{"level":"info","message":"2:function getMinutes() { [native code] } - 30:3:2022 | Info: Web Server has been started"}
{"level":"info","message":"2:function getMinutes() { [native code] } - 30:3:2022 | Info: Command Loaded: bassboost"}
{"level":"info","message":"2:function getMinutes() { [native code] } - 30:3:2022 | Info: Command Loaded: bump"}
{"level":"info","message":"2:function getMinutes() { [native code] } - 30:3:2022 | Info: Command Loaded: clear"}
{"level":"info","message":"2:function getMinutes() { [native code] } - 30:3:2022 | Info: Command Loaded: config"}
{"level":"info","message":"2:function getMinutes() { [native code] } - 30:3:2022 | Info: Command Loaded: disconnect"}
{"level":"info","message":"2:function getMinutes() { [native code] } - 30:3:2022 | Info: Command Loaded: grab"}
{"level":"info","message":"2:function getMinutes() { [native code] } - 30:3:2022 | Info: Command Loaded: help"}
{"level":"info","message":"2:function getMinutes() { [native code] } - 30:3:2022 | Info: Command Loaded: invite"}
{"level":"info","message":"2:function getMinutes() { [native code] } - 30:3:2022 | Info: Command Loaded: loop"}
{"level":"info","message":"2:function getMinutes() { [native code] } - 30:3:2022 | Info: Command Loaded: loopqueue"}
{"level":"info","message":"2:function getMinutes() { [native code] } - 30:3:2022 | Info: Command Loaded: lyrics"}
{"level":"info","message":"2:function getMinutes() { [native code] } - 30:3:2022 | Info: Command Loaded: move"}
{"level":"info","message":"2:function getMinutes() { [native code] } - 30:3:2022 | Info: Command Loaded: nowplaying"}
{"level":"info","message":"2:function getMinutes() { [native code] } - 30:3:2022 | Info: Command Loaded: pause"}
{"level":"info","message":"2:function getMinutes() { [native code] } - 30:3:2022 | Info: Command Loaded: play"}
{"level":"info","message":"2:function getMinutes() { [native code] } - 30:3:2022 | Info: Command Loaded: queue"}
{"level":"info","message":"2:function getMinutes() { [native code] } - 30:3:2022 | Info: Command Loaded: remove"}
{"level":"info","message":"2:function getMinutes() { [native code] } - 30:3:2022 | Info: Command Loaded: resume"}
{"level":"info","message":"2:function getMinutes() { [native code] } - 30:3:2022 | Info: Command Loaded: search"}
{"level":"info","message":"2:function getMinutes() { [native code] } - 30:3:2022 | Info: Command Loaded: seek"}
{"level":"info","message":"2:function getMinutes() { [native code] } - 30:3:2022 | Info: Command Loaded: shuffle"}
{"level":"info","message":"2:function getMinutes() { [native code] } - 30:3:2022 | Info: Command Loaded: skip"}
{"level":"info","message":"2:function getMinutes() { [native code] } - 30:3:2022 | Info: Command Loaded: skipto"}
{"level":"info","message":"2:function getMinutes() { [native code] } - 30:3:2022 | Info: Command Loaded: stats"}
{"level":"info","message":"2:function getMinutes() { [native code] } - 30:3:2022 | Info: Command Loaded: volume"}
{"level":"info","message":"2:function getMinutes() { [native code] } - 30:3:2022 | Info: Command Loaded: youtube"}
{"level":"info","message":"2:function getMinutes() { [native code] } - 30:3:2022 | Info: Event Loaded: guildCreate"}
{"level":"info","message":"2:function getMinutes() { [native code] } - 30:3:2022 | Info: Event Loaded: message"}
{"level":"info","message":"2:function getMinutes() { [native code] } - 30:3:2022 | Info: Event Loaded: raw"}
{"level":"info","message":"2:function getMinutes() { [native code] } - 30:3:2022 | Info: Event Loaded: ready"}
{"level":"info","message":"2:function getMinutes() { [native code] } - 30:3:2022 | Info: Event Loaded: voiceStateUpdate"}
{"level":"info","message":"2:function getMinutes() { [native code] } - 30:3:2022 | Info: Successfully Logged in as Shirimbabo#3229"}
{"level":"info","message":"2:function getMinutes() { [native code] } - 30:3:2022 | Info: Registering slash commands for 564512217953730580"}
{"level":"info","message":"2:function getMinutes() { [native code] } - 30:3:2022 | Info: [Slash Command]: [POST] Guild 564512217953730580, Command: bassboost"}
{"level":"info","message":"2:function getMinutes() { [native code] } - 30:3:2022 | Info: [Slash Command]: [POST] Guild 564512217953730580, Command: bump"}
{"level":"info","message":"2:function getMinutes() { [native code] } - 30:3:2022 | Info: [Slash Command]: [POST] Guild 564512217953730580, Command: clear"}
{"level":"info","message":"2:function getMinutes() { [native code] } - 30:3:2022 | Info: [Slash Command]: [POST] Guild 564512217953730580, Command: config"}
{"level":"info","message":"2:function getMinutes() { [native code] } - 30:3:2022 | Info: [Slash Command]: [POST] Guild 564512217953730580, Command: disconnect"}
{"level":"info","message":"2:function getMinutes() { [native code] } - 30:3:2022 | Info: [Slash Command]: [POST] Guild 564512217953730580, Command: grab"}
{"level":"info","message":"2:function getMinutes() { [native code] } - 30:3:2022 | Info: [Slash Command]: [POST] Guild 564512217953730580, Command: help"}
{"level":"info","message":"2:function getMinutes() { [native code] } - 30:3:2022 | Info: [Slash Command]: [POST] Guild 564512217953730580, Command: invite"}
{"level":"info","message":"2:function getMinutes() { [native code] } - 30:3:2022 | Info: [Slash Command]: [POST] Guild 564512217953730580, Command: loop"}
{"level":"info","message":"2:function getMinutes() { [native code] } - 30:3:2022 | Info: [Slash Command]: [POST] Guild 564512217953730580, Command: loopqueue"}
{"level":"info","message":"2:function getMinutes() { [native code] } - 30:3:2022 | Info: [Slash Command]: [POST] Guild 564512217953730580, Command: lyrics"}
{"level":"info","message":"2:function getMinutes() { [native code] } - 30:3:2022 | Info: [Slash Command]: [POST] Guild 564512217953730580, Command: move"}
{"level":"info","message":"2:function getMinutes() { [native code] } - 30:3:2022 | Info: [Slash Command]: [POST] Guild 564512217953730580, Command: nowplaying"}
{"level":"info","message":"2:function getMinutes() { [native code] } - 30:3:2022 | Info: [Slash Command]: [POST] Guild 564512217953730580, Command: pause"}
{"level":"info","message":"2:function getMinutes() { [native code] } - 30:3:2022 | Info: [Slash Command]: [POST] Guild 564512217953730580, Command: play"}
{"level":"info","message":"2:function getMinutes() { [native code] } - 30:3:2022 | Info: [Slash Command]: [POST] Guild 564512217953730580, Command: queue"}
{"level":"info","message":"2:function getMinutes() { [native code] } - 30:3:2022 | Info: [Slash Command]: [POST] Guild 564512217953730580, Command: remove"}
{"level":"info","message":"2:function getMinutes() { [native code] } - 30:3:2022 | Info: [Slash Command]: [POST] Guild 564512217953730580, Command: resume"}
{"level":"info","message":"2:function getMinutes() { [native code] } - 30:3:2022 | Info: [Slash Command]: [POST] Guild 564512217953730580, Command: search"}
{"level":"info","message":"2:function getMinutes() { [native code] } - 30:3:2022 | Info: [Slash Command]: [POST] Guild 564512217953730580, Command: shuffle"}
{"level":"info","message":"2:function getMinutes() { [native code] } - 30:3:2022 | Info: [Slash Command]: [POST] Guild 564512217953730580, Command: skip"}
{"level":"info","message":"2:function getMinutes() { [native code] } - 30:3:2022 | Info: [Slash Command]: [POST] Guild 564512217953730580, Command: skipto"}
{"level":"info","message":"2:function getMinutes() { [native code] } - 30:3:2022 | Info: [Slash Command]: [POST] Guild 564512217953730580, Command: stats"}
{"level":"info","message":"2:function getMinutes() { [native code] } - 30:3:2022 | Info: [Slash Command]: [POST] Guild 564512217953730580, Command: volume"}
{"level":"info","message":"2:function getMinutes() { [native code] } - 30:3:2022 | Info: [Slash Command]: [POST] Guild 564512217953730580, Command: youtube"}
{"level":"info","message":"2:function getMinutes() { [native code] } - 30:3:2022 | Info: [Slash Command]: [POST-FAILED] Guild 564512217953730580, Command: bassboost"}
{"level":"info","message":"2:function getMinutes() { [native code] } - 30:3:2022 | Info: [Slash Command]: [POST-FAILED] Guild 564512217953730580, Command: bump"}
{"level":"info","message":"2:function getMinutes() { [native code] } - 30:3:2022 | Info: [Slash Command]: [POST-FAILED] Guild 564512217953730580, Command: clear"}
{"level":"info","message":"2:function getMinutes() { [native code] } - 30:3:2022 | Info: [Slash Command]: [POST-FAILED] Guild 564512217953730580, Command: config"}
{"level":"info","message":"2:function getMinutes() { [native code] } - 30:3:2022 | Info: [Slash Command]: [POST-FAILED] Guild 564512217953730580, Command: disconnect"}
{"level":"info","message":"2:function getMinutes() { [native code] } - 30:3:2022 | Info: Lavalink: Node Lavastoise connected"}
{"level":"info","message":"2:function getMinutes() { [native code] } - 30:3:2022 | Info: [Slash Command]: [POST-FAILED] Guild 564512217953730580, Command: grab"}
{"level":"info","message":"2:function getMinutes() { [native code] } - 30:3:2022 | Info: [Slash Command]: [POST-FAILED] Guild 564512217953730580, Command: help"}
{"level":"info","message":"2:function getMinutes() { [native code] } - 30:3:2022 | Info: [Slash Command]: [POST-FAILED] Guild 564512217953730580, Command: invite"}
{"level":"info","message":"2:function getMinutes() { [native code] } - 30:3:2022 | Info: [Slash Command]: [POST-FAILED] Guild 564512217953730580, Command: loop"}
{"level":"info","message":"2:function getMinutes() { [native code] } - 30:3:2022 | Info: [Slash Command]: [POST-FAILED] Guild 564512217953730580, Command: loopqueue"}
{"level":"info","message":"2:function getMinutes() { [native code] } - 30:3:2022 | Info: [Slash Command]: [POST-FAILED] Guild 564512217953730580, Command: lyrics"}
{"level":"info","message":"2:function getMinutes() { [native code] } - 30:3:2022 | Info: [Slash Command]: [POST-FAILED] Guild 564512217953730580, Command: move"}
{"level":"info","message":"2:function getMinutes() { [native code] } - 30:3:2022 | Info: [Slash Command]: [POST-FAILED] Guild 564512217953730580, Command: nowplaying"}
{"level":"info","message":"2:function getMinutes() { [native code] } - 30:3:2022 | Info: [Slash Command]: [POST-FAILED] Guild 564512217953730580, Command: pause"}
{"level":"info","message":"2:function getMinutes() { [native code] } - 30:3:2022 | Info: [Slash Command]: [POST-FAILED] Guild 564512217953730580, Command: play"}
{"level":"info","message":"2:function getMinutes() { [native code] } - 30:3:2022 | Info: [Slash Command]: [POST-FAILED] Guild 564512217953730580, Command: queue"}
{"level":"info","message":"2:function getMinutes() { [native code] } - 30:3:2022 | Info: [Slash Command]: [POST-FAILED] Guild 564512217953730580, Command: remove"}
{"level":"info","message":"2:function getMinutes() { [native code] } - 30:3:2022 | Info: [Slash Command]: [POST-FAILED] Guild 564512217953730580, Command: resume"}
{"level":"info","message":"2:function getMinutes() { [native code] } - 30:3:2022 | Info: [Slash Command]: [POST-FAILED] Guild 564512217953730580, Command: search"}
{"level":"info","message":"2:function getMinutes() { [native code] } - 30:3:2022 | Info: [Slash Command]: [POST-FAILED] Guild 564512217953730580, Command: shuffle"}
{"level":"info","message":"2:function getMinutes() { [native code] } - 30:3:2022 | Info: [Slash Command]: [POST-FAILED] Guild 564512217953730580, Command: skip"}
{"level":"info","message":"2:function getMinutes() { [native code] } - 30:3:2022 | Info: [Slash Command]: [POST-FAILED] Guild 564512217953730580, Command: skipto"}
{"level":"info","message":"2:function getMinutes() { [native code] } - 30:3:2022 | Info: [Slash Command]: [POST-FAILED] Guild 564512217953730580, Command: stats"}
{"level":"info","message":"2:function getMinutes() { [native code] } - 30:3:2022 | Info: [Slash Command]: [POST-FAILED] Guild 564512217953730580, Command: volume"}
{"level":"info","message":"2:function getMinutes() { [native code] } - 30:3:2022 | Info: [Slash Command]: [POST-FAILED] Guild 564512217953730580, Command: youtube"}
{"level":"info","message":"2:function getMinutes() { [native code] } - 30:3:2022 | Info: Web Server has been started"}
{"level":"info","message":"2:function getMinutes() { [native code] } - 30:3:2022 | Info: Command Loaded: bassboost"}
{"level":"info","message":"2:function getMinutes() { [native code] } - 30:3:2022 | Info: Command Loaded: bump"}
{"level":"info","message":"2:function getMinutes() { [native code] } - 30:3:2022 | Info: Command Loaded: clear"}
{"level":"info","message":"2:function getMinutes() { [native code] } - 30:3:2022 | Info: Command Loaded: config"}
{"level":"info","message":"2:function getMinutes() { [native code] } - 30:3:2022 | Info: Command Loaded: disconnect"}
{"level":"info","message":"2:function getMinutes() { [native code] } - 30:3:2022 | Info: Command Loaded: grab"}
{"level":"info","message":"2:function getMinutes() { [native code] } - 30:3:2022 | Info: Command Loaded: help"}
{"level":"info","message":"2:function getMinutes() { [native code] } - 30:3:2022 | Info: Command Loaded: invite"}
{"level":"info","message":"2:function getMinutes() { [native code] } - 30:3:2022 | Info: Command Loaded: loop"}
{"level":"info","message":"2:function getMinutes() { [native code] } - 30:3:2022 | Info: Command Loaded: loopqueue"}
{"level":"info","message":"2:function getMinutes() { [native code] } - 30:3:2022 | Info: Command Loaded: lyrics"}
{"level":"info","message":"2:function getMinutes() { [native code] } - 30:3:2022 | Info: Command Loaded: move"}
{"level":"info","message":"2:function getMinutes() { [native code] } - 30:3:2022 | Info: Command Loaded: nowplaying"}
{"level":"info","message":"2:function getMinutes() { [native code] } - 30:3:2022 | Info: Command Loaded: pause"}
{"level":"info","message":"2:function getMinutes() { [native code] } - 30:3:2022 | Info: Command Loaded: play"}
{"level":"info","message":"2:function getMinutes() { [native code] } - 30:3:2022 | Info: Command Loaded: queue"}
{"level":"info","message":"2:function getMinutes() { [native code] } - 30:3:2022 | Info: Command Loaded: remove"}
{"level":"info","message":"2:function getMinutes() { [native code] } - 30:3:2022 | Info: Command Loaded: resume"}
{"level":"info","message":"2:function getMinutes() { [native code] } - 30:3:2022 | Info: Command Loaded: search"}
{"level":"info","message":"2:function getMinutes() { [native code] } - 30:3:2022 | Info: Command Loaded: seek"}
{"level":"info","message":"2:function getMinutes() { [native code] } - 30:3:2022 | Info: Command Loaded: shuffle"}
{"level":"info","message":"2:function getMinutes() { [native code] } - 30:3:2022 | Info: Command Loaded: skip"}
{"level":"info","message":"2:function getMinutes() { [native code] } - 30:3:2022 | Info: Command Loaded: skipto"}
{"level":"info","message":"2:function getMinutes() { [native code] } - 30:3:2022 | Info: Command Loaded: stats"}
{"level":"info","message":"2:function getMinutes() { [native code] } - 30:3:2022 | Info: Command Loaded: volume"}
{"level":"info","message":"2:function getMinutes() { [native code] } - 30:3:2022 | Info: Command Loaded: youtube"}
{"level":"info","message":"2:function getMinutes() { [native code] } - 30:3:2022 | Info: Event Loaded: guildCreate"}
{"level":"info","message":"2:function getMinutes() { [native code] } - 30:3:2022 | Info: Event Loaded: message"}
{"level":"info","message":"2:function getMinutes() { [native code] } - 30:3:2022 | Info: Event Loaded: raw"}
{"level":"info","message":"2:function getMinutes() { [native code] } - 30:3:2022 | Info: Event Loaded: ready"}
{"level":"info","message":"2:function getMinutes() { [native code] } - 30:3:2022 | Info: Event Loaded: voiceStateUpdate"}
{"level":"info","message":"2:function getMinutes() { [native code] } - 30:3:2022 | Info: Successfully Logged in as Shirimbabo#3229"}
{"level":"info","message":"2:function getMinutes() { [native code] } - 30:3:2022 | Info: Registering slash commands for 564512217953730580"}
{"level":"info","message":"2:function getMinutes() { [native code] } - 30:3:2022 | Info: [Slash Command]: [POST] Guild 564512217953730580, Command: bassboost"}
{"level":"info","message":"2:function getMinutes() { [native code] } - 30:3:2022 | Info: [Slash Command]: [POST] Guild 564512217953730580, Command: bump"}
{"level":"info","message":"2:function getMinutes() { [native code] } - 30:3:2022 | Info: [Slash Command]: [POST] Guild 564512217953730580, Command: clear"}
{"level":"info","message":"2:function getMinutes() { [native code] } - 30:3:2022 | Info: [Slash Command]: [POST] Guild 564512217953730580, Command: config"}
{"level":"info","message":"2:function getMinutes() { [native code] } - 30:3:2022 | Info: [Slash Command]: [POST] Guild 564512217953730580, Command: disconnect"}
{"level":"info","message":"2:function getMinutes() { [native code] } - 30:3:2022 | Info: [Slash Command]: [POST] Guild 564512217953730580, Command: grab"}
{"level":"info","message":"2:function getMinutes() { [native code] } - 30:3:2022 | Info: [Slash Command]: [POST] Guild 564512217953730580, Command: help"}
{"level":"info","message":"2:function getMinutes() { [native code] } - 30:3:2022 | Info: [Slash Command]: [POST] Guild 564512217953730580, Command: invite"}
{"level":"info","message":"2:function getMinutes() { [native code] } - 30:3:2022 | Info: [Slash Command]: [POST] Guild 564512217953730580, Command: loop"}
{"level":"info","message":"2:function getMinutes() { [native code] } - 30:3:2022 | Info: [Slash Command]: [POST] Guild 564512217953730580, Command: loopqueue"}
{"level":"info","message":"2:function getMinutes() { [native code] } - 30:3:2022 | Info: [Slash Command]: [POST] Guild 564512217953730580, Command: lyrics"}
{"level":"info","message":"2:function getMinutes() { [native code] } - 30:3:2022 | Info: [Slash Command]: [POST] Guild 564512217953730580, Command: move"}
{"level":"info","message":"2:function getMinutes() { [native code] } - 30:3:2022 | Info: [Slash Command]: [POST] Guild 564512217953730580, Command: nowplaying"}
{"level":"info","message":"2:function getMinutes() { [native code] } - 30:3:2022 | Info: [Slash Command]: [POST] Guild 564512217953730580, Command: pause"}
{"level":"info","message":"2:function getMinutes() { [native code] } - 30:3:2022 | Info: [Slash Command]: [POST] Guild 564512217953730580, Command: play"}
{"level":"info","message":"2:function getMinutes() { [native code] } - 30:3:2022 | Info: [Slash Command]: [POST] Guild 564512217953730580, Command: queue"}
{"level":"info","message":"2:function getMinutes() { [native code] } - 30:3:2022 | Info: [Slash Command]: [POST] Guild 564512217953730580, Command: remove"}
{"level":"info","message":"2:function getMinutes() { [native code] } - 30:3:2022 | Info: [Slash Command]: [POST] Guild 564512217953730580, Command: resume"}
{"level":"info","message":"2:function getMinutes() { [native code] } - 30:3:2022 | Info: [Slash Command]: [POST] Guild 564512217953730580, Command: search"}
{"level":"info","message":"2:function getMinutes() { [native code] } - 30:3:2022 | Info: [Slash Command]: [POST] Guild 564512217953730580, Command: shuffle"}
{"level":"info","message":"2:function getMinutes() { [native code] } - 30:3:2022 | Info: [Slash Command]: [POST] Guild 564512217953730580, Command: skip"}
{"level":"info","message":"2:function getMinutes() { [native code] } - 30:3:2022 | Info: [Slash Command]: [POST] Guild 564512217953730580, Command: skipto"}
{"level":"info","message":"2:function getMinutes() { [native code] } - 30:3:2022 | Info: [Slash Command]: [POST] Guild 564512217953730580, Command: stats"}
{"level":"info","message":"2:function getMinutes() { [native code] } - 30:3:2022 | Info: [Slash Command]: [POST] Guild 564512217953730580, Command: volume"}
{"level":"info","message":"2:function getMinutes() { [native code] } - 30:3:2022 | Info: [Slash Command]: [POST] Guild 564512217953730580, Command: youtube"}
{"level":"info","message":"2:function getMinutes() { [native code] } - 30:3:2022 | Info: [Slash Command]: [POST-FAILED] Guild 564512217953730580, Command: bassboost"}
{"level":"info","message":"2:function getMinutes() { [native code] } - 30:3:2022 | Info: [Slash Command]: [POST-FAILED] Guild 564512217953730580, Command: bump"}
{"level":"info","message":"2:function getMinutes() { [native code] } - 30:3:2022 | Info: [Slash Command]: [POST-FAILED] Guild 564512217953730580, Command: clear"}
{"level":"info","message":"2:function getMinutes() { [native code] } - 30:3:2022 | Info: [Slash Command]: [POST-FAILED] Guild 564512217953730580, Command: config"}
{"level":"info","message":"2:function getMinutes() { [native code] } - 30:3:2022 | Info: [Slash Command]: [POST-FAILED] Guild 564512217953730580, Command: disconnect"}
{"level":"info","message":"2:function getMinutes() { [native code] } - 30:3:2022 | Info: Lavalink: Node Lavastoise connected"}
{"level":"info","message":"2:function getMinutes() { [native code] } - 30:3:2022 | Info: [Slash Command]: [POST-FAILED] Guild 564512217953730580, Command: grab"}
{"level":"info","message":"2:function getMinutes() { [native code] } - 30:3:2022 | Info: [Slash Command]: [POST-FAILED] Guild 564512217953730580, Command: help"}
{"level":"info","message":"2:function getMinutes() { [native code] } - 30:3:2022 | Info: [Slash Command]: [POST-FAILED] Guild 564512217953730580, Command: invite"}
{"level":"info","message":"2:function getMinutes() { [native code] } - 30:3:2022 | Info: [Slash Command]: [POST-FAILED] Guild 564512217953730580, Command: loop"}
{"level":"info","message":"2:function getMinutes() { [native code] } - 30:3:2022 | Info: [Slash Command]: [POST-FAILED] Guild 564512217953730580, Command: loopqueue"}
{"level":"info","message":"2:function getMinutes() { [native code] } - 30:3:2022 | Info: [Slash Command]: [POST-FAILED] Guild 564512217953730580, Command: lyrics"}
{"level":"info","message":"2:function getMinutes() { [native code] } - 30:3:2022 | Info: [Slash Command]: [POST-FAILED] Guild 564512217953730580, Command: move"}
{"level":"info","message":"2:function getMinutes() { [native code] } - 30:3:2022 | Info: [Slash Command]: [POST-FAILED] Guild 564512217953730580, Command: nowplaying"}
{"level":"info","message":"2:function getMinutes() { [native code] } - 30:3:2022 | Info: [Slash Command]: [POST-FAILED] Guild 564512217953730580, Command: pause"}
{"level":"info","message":"2:function getMinutes() { [native code] } - 30:3:2022 | Info: [Slash Command]: [POST-FAILED] Guild 564512217953730580, Command: play"}
{"level":"info","message":"2:function getMinutes() { [native code] } - 30:3:2022 | Info: [Slash Command]: [POST-FAILED] Guild 564512217953730580, Command: queue"}
{"level":"info","message":"2:function getMinutes() { [native code] } - 30:3:2022 | Info: [Slash Command]: [POST-FAILED] Guild 564512217953730580, Command: remove"}
{"level":"info","message":"2:function getMinutes() { [native code] } - 30:3:2022 | Info: [Slash Command]: [POST-FAILED] Guild 564512217953730580, Command: resume"}
{"level":"info","message":"2:function getMinutes() { [native code] } - 30:3:2022 | Info: [Slash Command]: [POST-FAILED] Guild 564512217953730580, Command: search"}
{"level":"info","message":"2:function getMinutes() { [native code] } - 30:3:2022 | Info: [Slash Command]: [POST-FAILED] Guild 564512217953730580, Command: shuffle"}
{"level":"info","message":"2:function getMinutes() { [native code] } - 30:3:2022 | Info: [Slash Command]: [POST-FAILED] Guild 564512217953730580, Command: skip"}
{"level":"info","message":"2:function getMinutes() { [native code] } - 30:3:2022 | Info: [Slash Command]: [POST-FAILED] Guild 564512217953730580, Command: skipto"}
{"level":"info","message":"2:function getMinutes() { [native code] } - 30:3:2022 | Info: [Slash Command]: [POST-FAILED] Guild 564512217953730580, Command: stats"}
{"level":"info","message":"2:function getMinutes() { [native code] } - 30:3:2022 | Info: [Slash Command]: [POST-FAILED] Guild 564512217953730580, Command: volume"}
{"level":"info","message":"2:function getMinutes() { [native code] } - 30:3:2022 | Info: [Slash Command]: [POST-FAILED] Guild 564512217953730580, Command: youtube"}
{"level":"info","message":"2:function getMinutes() { [native code] } - 1:4:2022 | Info: Web Server has been started"}
{"level":"info","message":"2:function getMinutes() { [native code] } - 1:4:2022 | Info: Command Loaded: bassboost"}
{"level":"info","message":"2:function getMinutes() { [native code] } - 1:4:2022 | Info: Command Loaded: bump"}
{"level":"info","message":"2:function getMinutes() { [native code] } - 1:4:2022 | Info: Command Loaded: clear"}
{"level":"info","message":"2:function getMinutes() { [native code] } - 1:4:2022 | Info: Command Loaded: config"}
{"level":"info","message":"2:function getMinutes() { [native code] } - 1:4:2022 | Info: Command Loaded: disconnect"}
{"level":"info","message":"2:function getMinutes() { [native code] } - 1:4:2022 | Info: Command Loaded: grab"}
{"level":"info","message":"2:function getMinutes() { [native code] } - 1:4:2022 | Info: Command Loaded: help"}
{"level":"info","message":"2:function getMinutes() { [native code] } - 1:4:2022 | Info: Command Loaded: invite"}
{"level":"info","message":"2:function getMinutes() { [native code] } - 1:4:2022 | Info: Command Loaded: loop"}
{"level":"info","message":"2:function getMinutes() { [native code] } - 1:4:2022 | Info: Command Loaded: loopqueue"}
{"level":"info","message":"2:function getMinutes() { [native code] } - 1:4:2022 | Info: Command Loaded: lyrics"}
{"level":"info","message":"2:function getMinutes() { [native code] } - 1:4:2022 | Info: Command Loaded: move"}
{"level":"info","message":"2:function getMinutes() { [native code] } - 1:4:2022 | Info: Command Loaded: nowplaying"}
{"level":"info","message":"2:function getMinutes() { [native code] } - 1:4:2022 | Info: Command Loaded: pause"}
{"level":"info","message":"2:function getMinutes() { [native code] } - 1:4:2022 | Info: Command Loaded: play"}
{"level":"info","message":"2:function getMinutes() { [native code] } - 1:4:2022 | Info: Command Loaded: queue"}
{"level":"info","message":"2:function getMinutes() { [native code] } - 1:4:2022 | Info: Command Loaded: remove"}
{"level":"info","message":"2:function getMinutes() { [native code] } - 1:4:2022 | Info: Command Loaded: resume"}
{"level":"info","message":"2:function getMinutes() { [native code] } - 1:4:2022 | Info: Command Loaded: search"}
{"level":"info","message":"2:function getMinutes() { [native code] } - 1:4:2022 | Info: Command Loaded: seek"}
{"level":"info","message":"2:function getMinutes() { [native code] } - 1:4:2022 | Info: Command Loaded: shuffle"}
{"level":"info","message":"2:function getMinutes() { [native code] } - 1:4:2022 | Info: Command Loaded: skip"}
{"level":"info","message":"2:function getMinutes() { [native code] } - 1:4:2022 | Info: Command Loaded: skipto"}
{"level":"info","message":"2:function getMinutes() { [native code] } - 1:4:2022 | Info: Command Loaded: stats"}
{"level":"info","message":"2:function getMinutes() { [native code] } - 1:4:2022 | Info: Command Loaded: volume"}
{"level":"info","message":"2:function getMinutes() { [native code] } - 1:4:2022 | Info: Command Loaded: youtube"}
{"level":"info","message":"2:function getMinutes() { [native code] } - 1:4:2022 | Info: Event Loaded: guildCreate"}
{"level":"info","message":"2:function getMinutes() { [native code] } - 1:4:2022 | Info: Event Loaded: message"}
{"level":"info","message":"2:function getMinutes() { [native code] } - 1:4:2022 | Info: Event Loaded: raw"}
{"level":"info","message":"2:function getMinutes() { [native code] } - 1:4:2022 | Info: Event Loaded: ready"}
{"level":"info","message":"2:function getMinutes() { [native code] } - 1:4:2022 | Info: Event Loaded: voiceStateUpdate"}
{"level":"info","message":"2:function getMinutes() { [native code] } - 1:4:2022 | Info: Successfully Logged in as Shirimbabot#3462"}
{"level":"info","message":"2:function getMinutes() { [native code] } - 1:4:2022 | Info: Registering slash commands for 564512217953730580"}
{"level":"info","message":"2:function getMinutes() { [native code] } - 1:4:2022 | Info: [Slash Command]: [POST] Guild 564512217953730580, Command: bassboost"}
{"level":"info","message":"2:function getMinutes() { [native code] } - 1:4:2022 | Info: [Slash Command]: [POST] Guild 564512217953730580, Command: bump"}
{"level":"info","message":"2:function getMinutes() { [native code] } - 1:4:2022 | Info: [Slash Command]: [POST] Guild 564512217953730580, Command: clear"}
{"level":"info","message":"2:function getMinutes() { [native code] } - 1:4:2022 | Info: [Slash Command]: [POST] Guild 564512217953730580, Command: config"}
{"level":"info","message":"2:function getMinutes() { [native code] } - 1:4:2022 | Info: [Slash Command]: [POST] Guild 564512217953730580, Command: disconnect"}
{"level":"info","message":"2:function getMinutes() { [native code] } - 1:4:2022 | Info: [Slash Command]: [POST] Guild 564512217953730580, Command: grab"}
{"level":"info","message":"2:function getMinutes() { [native code] } - 1:4:2022 | Info: [Slash Command]: [POST] Guild 564512217953730580, Command: help"}
{"level":"info","message":"2:function getMinutes() { [native code] } - 1:4:2022 | Info: [Slash Command]: [POST] Guild 564512217953730580, Command: invite"}
{"level":"info","message":"2:function getMinutes() { [native code] } - 1:4:2022 | Info: [Slash Command]: [POST] Guild 564512217953730580, Command: loop"}
{"level":"info","message":"2:function getMinutes() { [native code] } - 1:4:2022 | Info: [Slash Command]: [POST] Guild 564512217953730580, Command: loopqueue"}
{"level":"info","message":"2:function getMinutes() { [native code] } - 1:4:2022 | Info: [Slash Command]: [POST] Guild 564512217953730580, Command: lyrics"}
{"level":"info","message":"2:function getMinutes() { [native code] } - 1:4:2022 | Info: [Slash Command]: [POST] Guild 564512217953730580, Command: move"}
{"level":"info","message":"2:function getMinutes() { [native code] } - 1:4:2022 | Info: [Slash Command]: [POST] Guild 564512217953730580, Command: nowplaying"}
{"level":"info","message":"2:function getMinutes() { [native code] } - 1:4:2022 | Info: [Slash Command]: [POST] Guild 564512217953730580, Command: pause"}
{"level":"info","message":"2:function getMinutes() { [native code] } - 1:4:2022 | Info: [Slash Command]: [POST] Guild 564512217953730580, Command: play"}
{"level":"info","message":"2:function getMinutes() { [native code] } - 1:4:2022 | Info: [Slash Command]: [POST] Guild 564512217953730580, Command: queue"}
{"level":"info","message":"2:function getMinutes() { [native code] } - 1:4:2022 | Info: [Slash Command]: [POST] Guild 564512217953730580, Command: remove"}
{"level":"info","message":"2:function getMinutes() { [native code] } - 1:4:2022 | Info: [Slash Command]: [POST] Guild 564512217953730580, Command: resume"}
{"level":"info","message":"2:function getMinutes() { [native code] } - 1:4:2022 | Info: [Slash Command]: [POST] Guild 564512217953730580, Command: search"}
{"level":"info","message":"2:function getMinutes() { [native code] } - 1:4:2022 | Info: [Slash Command]: [POST] Guild 564512217953730580, Command: shuffle"}
{"level":"info","message":"2:function getMinutes() { [native code] } - 1:4:2022 | Info: [Slash Command]: [POST] Guild 564512217953730580, Command: skip"}
{"level":"info","message":"2:function getMinutes() { [native code] } - 1:4:2022 | Info: [Slash Command]: [POST] Guild 564512217953730580, Command: skipto"}
{"level":"info","message":"2:function getMinutes() { [native code] } - 1:4:2022 | Info: [Slash Command]: [POST] Guild 564512217953730580, Command: stats"}
{"level":"info","message":"2:function getMinutes() { [native code] } - 1:4:2022 | Info: [Slash Command]: [POST] Guild 564512217953730580, Command: volume"}
{"level":"info","message":"2:function getMinutes() { [native code] } - 1:4:2022 | Info: [Slash Command]: [POST] Guild 564512217953730580, Command: youtube"}
{"level":"info","message":"2:function getMinutes() { [native code] } - 1:4:2022 | Info: [Slash Command]: [POST-FAILED] Guild 564512217953730580, Command: bassboost"}
{"level":"info","message":"2:function getMinutes() { [native code] } - 1:4:2022 | Info: [Slash Command]: [POST-FAILED] Guild 564512217953730580, Command: bump"}
{"level":"info","message":"2:function getMinutes() { [native code] } - 1:4:2022 | Info: [Slash Command]: [POST-FAILED] Guild 564512217953730580, Command: clear"}
{"level":"info","message":"2:function getMinutes() { [native code] } - 1:4:2022 | Info: [Slash Command]: [POST-FAILED] Guild 564512217953730580, Command: config"}
{"level":"info","message":"2:function getMinutes() { [native code] } - 1:4:2022 | Info: [Slash Command]: [POST-FAILED] Guild 564512217953730580, Command: disconnect"}
{"level":"info","message":"2:function getMinutes() { [native code] } - 1:4:2022 | Info: Lavalink: Node Main connected"}
{"level":"info","message":"2:function getMinutes() { [native code] } - 1:4:2022 | Info: [Slash Command]: [POST-FAILED] Guild 564512217953730580, Command: grab"}
{"level":"info","message":"2:function getMinutes() { [native code] } - 1:4:2022 | Info: [Slash Command]: [POST-FAILED] Guild 564512217953730580, Command: help"}
{"level":"info","message":"2:function getMinutes() { [native code] } - 1:4:2022 | Info: [Slash Command]: [POST-FAILED] Guild 564512217953730580, Command: invite"}
{"level":"info","message":"2:function getMinutes() { [native code] } - 1:4:2022 | Info: [Slash Command]: [POST-FAILED] Guild 564512217953730580, Command: loop"}
{"level":"info","message":"2:function getMinutes() { [native code] } - 1:4:2022 | Info: [Slash Command]: [POST-FAILED] Guild 564512217953730580, Command: loopqueue"}
{"level":"info","message":"2:function getMinutes() { [native code] } - 1:4:2022 | Info: [Slash Command]: [POST-FAILED] Guild 564512217953730580, Command: lyrics"}
{"level":"info","message":"2:function getMinutes() { [native code] } - 1:4:2022 | Info: [Slash Command]: [POST-FAILED] Guild 564512217953730580, Command: move"}
{"level":"info","message":"2:function getMinutes() { [native code] } - 1:4:2022 | Info: [Slash Command]: [POST-FAILED] Guild 564512217953730580, Command: nowplaying"}
{"level":"info","message":"2:function getMinutes() { [native code] } - 1:4:2022 | Info: [Slash Command]: [POST-FAILED] Guild 564512217953730580, Command: pause"}
{"level":"info","message":"2:function getMinutes() { [native code] } - 1:4:2022 | Info: [Slash Command]: [POST-FAILED] Guild 564512217953730580, Command: play"}
{"level":"info","message":"2:function getMinutes() { [native code] } - 1:4:2022 | Info: [Slash Command]: [POST-FAILED] Guild 564512217953730580, Command: queue"}
{"level":"info","message":"2:function getMinutes() { [native code] } - 1:4:2022 | Info: [Slash Command]: [POST-FAILED] Guild 564512217953730580, Command: remove"}
{"level":"info","message":"2:function getMinutes() { [native code] } - 1:4:2022 | Info: [Slash Command]: [POST-FAILED] Guild 564512217953730580, Command: resume"}
{"level":"info","message":"2:function getMinutes() { [native code] } - 1:4:2022 | Info: [Slash Command]: [POST-FAILED] Guild 564512217953730580, Command: search"}
{"level":"info","message":"2:function getMinutes() { [native code] } - 1:4:2022 | Info: [Slash Command]: [POST-FAILED] Guild 564512217953730580, Command: shuffle"}
{"level":"info","message":"2:function getMinutes() { [native code] } - 1:4:2022 | Info: [Slash Command]: [POST-FAILED] Guild 564512217953730580, Command: skip"}
{"level":"info","message":"2:function getMinutes() { [native code] } - 1:4:2022 | Info: [Slash Command]: [POST-FAILED] Guild 564512217953730580, Command: skipto"}
{"level":"info","message":"2:function getMinutes() { [native code] } - 1:4:2022 | Info: [Slash Command]: [POST-FAILED] Guild 564512217953730580, Command: stats"}
{"level":"info","message":"2:function getMinutes() { [native code] } - 1:4:2022 | Info: [Slash Command]: [POST-FAILED] Guild 564512217953730580, Command: volume"}
{"level":"info","message":"2:function getMinutes() { [native code] } - 1:4:2022 | Info: [Slash Command]: [POST-FAILED] Guild 564512217953730580, Command: youtube"}
{"level":"info","message":"2:function getMinutes() { [native code] } - 1:4:2022 | Info: Web Server has been started"}
{"level":"info","message":"2:function getMinutes() { [native code] } - 1:4:2022 | Info: Command Loaded: bassboost"}
{"level":"info","message":"2:function getMinutes() { [native code] } - 1:4:2022 | Info: Command Loaded: bump"}
{"level":"info","message":"2:function getMinutes() { [native code] } - 1:4:2022 | Info: Command Loaded: clear"}
{"level":"info","message":"2:function getMinutes() { [native code] } - 1:4:2022 | Info: Command Loaded: config"}
{"level":"info","message":"2:function getMinutes() { [native code] } - 1:4:2022 | Info: Command Loaded: disconnect"}
{"level":"info","message":"2:function getMinutes() { [native code] } - 1:4:2022 | Info: Command Loaded: grab"}
{"level":"info","message":"2:function getMinutes() { [native code] } - 1:4:2022 | Info: Command Loaded: help"}
{"level":"info","message":"2:function getMinutes() { [native code] } - 1:4:2022 | Info: Command Loaded: invite"}
{"level":"info","message":"2:function getMinutes() { [native code] } - 1:4:2022 | Info: Command Loaded: loop"}
{"level":"info","message":"2:function getMinutes() { [native code] } - 1:4:2022 | Info: Command Loaded: loopqueue"}
{"level":"info","message":"2:function getMinutes() { [native code] } - 1:4:2022 | Info: Command Loaded: lyrics"}
{"level":"info","message":"2:function getMinutes() { [native code] } - 1:4:2022 | Info: Command Loaded: move"}
{"level":"info","message":"2:function getMinutes() { [native code] } - 1:4:2022 | Info: Command Loaded: nowplaying"}
{"level":"info","message":"2:function getMinutes() { [native code] } - 1:4:2022 | Info: Command Loaded: pause"}
{"level":"info","message":"2:function getMinutes() { [native code] } - 1:4:2022 | Info: Command Loaded: play"}
{"level":"info","message":"2:function getMinutes() { [native code] } - 1:4:2022 | Info: Command Loaded: queue"}
{"level":"info","message":"2:function getMinutes() { [native code] } - 1:4:2022 | Info: Command Loaded: remove"}
{"level":"info","message":"2:function getMinutes() { [native code] } - 1:4:2022 | Info: Command Loaded: resume"}
{"level":"info","message":"2:function getMinutes() { [native code] } - 1:4:2022 | Info: Command Loaded: search"}
{"level":"info","message":"2:function getMinutes() { [native code] } - 1:4:2022 | Info: Command Loaded: seek"}
{"level":"info","message":"2:function getMinutes() { [native code] } - 1:4:2022 | Info: Command Loaded: shuffle"}
{"level":"info","message":"2:function getMinutes() { [native code] } - 1:4:2022 | Info: Command Loaded: skip"}
{"level":"info","message":"2:function getMinutes() { [native code] } - 1:4:2022 | Info: Command Loaded: skipto"}
{"level":"info","message":"2:function getMinutes() { [native code] } - 1:4:2022 | Info: Command Loaded: stats"}
{"level":"info","message":"2:function getMinutes() { [native code] } - 1:4:2022 | Info: Command Loaded: volume"}
{"level":"info","message":"2:function getMinutes() { [native code] } - 1:4:2022 | Info: Command Loaded: youtube"}
{"level":"info","message":"2:function getMinutes() { [native code] } - 1:4:2022 | Info: Event Loaded: guildCreate"}
{"level":"info","message":"2:function getMinutes() { [native code] } - 1:4:2022 | Info: Event Loaded: message"}
{"level":"info","message":"2:function getMinutes() { [native code] } - 1:4:2022 | Info: Event Loaded: raw"}
{"level":"info","message":"2:function getMinutes() { [native code] } - 1:4:2022 | Info: Event Loaded: ready"}
{"level":"info","message":"2:function getMinutes() { [native code] } - 1:4:2022 | Info: Event Loaded: voiceStateUpdate"}
{"level":"info","message":"2:function getMinutes() { [native code] } - 1:4:2022 | Info: Successfully Logged in as Shirimbabot#3462"}
{"level":"info","message":"2:function getMinutes() { [native code] } - 1:4:2022 | Info: Registering slash commands for 564512217953730580"}
{"level":"info","message":"2:function getMinutes() { [native code] } - 1:4:2022 | Info: [Slash Command]: [POST] Guild 564512217953730580, Command: bassboost"}
{"level":"info","message":"2:function getMinutes() { [native code] } - 1:4:2022 | Info: [Slash Command]: [POST] Guild 564512217953730580, Command: bump"}
{"level":"info","message":"2:function getMinutes() { [native code] } - 1:4:2022 | Info: [Slash Command]: [POST] Guild 564512217953730580, Command: clear"}
{"level":"info","message":"2:function getMinutes() { [native code] } - 1:4:2022 | Info: [Slash Command]: [POST] Guild 564512217953730580, Command: config"}
{"level":"info","message":"2:function getMinutes() { [native code] } - 1:4:2022 | Info: [Slash Command]: [POST] Guild 564512217953730580, Command: disconnect"}
{"level":"info","message":"2:function getMinutes() { [native code] } - 1:4:2022 | Info: [Slash Command]: [POST] Guild 564512217953730580, Command: grab"}
{"level":"info","message":"2:function getMinutes() { [native code] } - 1:4:2022 | Info: [Slash Command]: [POST] Guild 564512217953730580, Command: help"}
{"level":"info","message":"2:function getMinutes() { [native code] } - 1:4:2022 | Info: [Slash Command]: [POST] Guild 564512217953730580, Command: invite"}
{"level":"info","message":"2:function getMinutes() { [native code] } - 1:4:2022 | Info: [Slash Command]: [POST] Guild 564512217953730580, Command: loop"}
{"level":"info","message":"2:function getMinutes() { [native code] } - 1:4:2022 | Info: [Slash Command]: [POST] Guild 564512217953730580, Command: loopqueue"}
{"level":"info","message":"2:function getMinutes() { [native code] } - 1:4:2022 | Info: [Slash Command]: [POST] Guild 564512217953730580, Command: lyrics"}
{"level":"info","message":"2:function getMinutes() { [native code] } - 1:4:2022 | Info: [Slash Command]: [POST] Guild 564512217953730580, Command: move"}
{"level":"info","message":"2:function getMinutes() { [native code] } - 1:4:2022 | Info: [Slash Command]: [POST] Guild 564512217953730580, Command: nowplaying"}
{"level":"info","message":"2:function getMinutes() { [native code] } - 1:4:2022 | Info: [Slash Command]: [POST] Guild 564512217953730580, Command: pause"}
{"level":"info","message":"2:function getMinutes() { [native code] } - 1:4:2022 | Info: [Slash Command]: [POST] Guild 564512217953730580, Command: play"}
{"level":"info","message":"2:function getMinutes() { [native code] } - 1:4:2022 | Info: [Slash Command]: [POST] Guild 564512217953730580, Command: queue"}
{"level":"info","message":"2:function getMinutes() { [native code] } - 1:4:2022 | Info: [Slash Command]: [POST] Guild 564512217953730580, Command: remove"}
{"level":"info","message":"2:function getMinutes() { [native code] } - 1:4:2022 | Info: [Slash Command]: [POST] Guild 564512217953730580, Command: resume"}
{"level":"info","message":"2:function getMinutes() { [native code] } - 1:4:2022 | Info: [Slash Command]: [POST] Guild 564512217953730580, Command: search"}
{"level":"info","message":"2:function getMinutes() { [native code] } - 1:4:2022 | Info: [Slash Command]: [POST] Guild 564512217953730580, Command: shuffle"}
{"level":"info","message":"2:function getMinutes() { [native code] } - 1:4:2022 | Info: [Slash Command]: [POST] Guild 564512217953730580, Command: skip"}
{"level":"info","message":"2:function getMinutes() { [native code] } - 1:4:2022 | Info: [Slash Command]: [POST] Guild 564512217953730580, Command: skipto"}
{"level":"info","message":"2:function getMinutes() { [native code] } - 1:4:2022 | Info: [Slash Command]: [POST] Guild 564512217953730580, Command: stats"}
{"level":"info","message":"2:function getMinutes() { [native code] } - 1:4:2022 | Info: [Slash Command]: [POST] Guild 564512217953730580, Command: volume"}
{"level":"info","message":"2:function getMinutes() { [native code] } - 1:4:2022 | Info: [Slash Command]: [POST] Guild 564512217953730580, Command: youtube"}
{"level":"info","message":"2:function getMinutes() { [native code] } - 1:4:2022 | Info: [Slash Command]: [POST-FAILED] Guild 564512217953730580, Command: bassboost"}
{"level":"info","message":"2:function getMinutes() { [native code] } - 1:4:2022 | Info: [Slash Command]: [POST-FAILED] Guild 564512217953730580, Command: bump"}
{"level":"info","message":"2:function getMinutes() { [native code] } - 1:4:2022 | Info: [Slash Command]: [POST-FAILED] Guild 564512217953730580, Command: clear"}
{"level":"info","message":"2:function getMinutes() { [native code] } - 1:4:2022 | Info: [Slash Command]: [POST-FAILED] Guild 564512217953730580, Command: config"}
{"level":"info","message":"2:function getMinutes() { [native code] } - 1:4:2022 | Info: [Slash Command]: [POST-FAILED] Guild 564512217953730580, Command: disconnect"}
{"level":"info","message":"2:function getMinutes() { [native code] } - 1:4:2022 | Info: Lavalink: Node Main connected"}
{"level":"info","message":"2:function getMinutes() { [native code] } - 1:4:2022 | Info: [Slash Command]: [POST-FAILED] Guild 564512217953730580, Command: grab"}
{"level":"info","message":"2:function getMinutes() { [native code] } - 1:4:2022 | Info: [Slash Command]: [POST-FAILED] Guild 564512217953730580, Command: help"}
{"level":"info","message":"2:function getMinutes() { [native code] } - 1:4:2022 | Info: [Slash Command]: [POST-FAILED] Guild 564512217953730580, Command: invite"}
{"level":"info","message":"2:function getMinutes() { [native code] } - 1:4:2022 | Info: [Slash Command]: [POST-FAILED] Guild 564512217953730580, Command: loop"}
{"level":"info","message":"2:function getMinutes() { [native code] } - 1:4:2022 | Info: [Slash Command]: [POST-FAILED] Guild 564512217953730580, Command: loopqueue"}
{"level":"info","message":"2:function getMinutes() { [native code] } - 1:4:2022 | Info: [Slash Command]: [POST-FAILED] Guild 564512217953730580, Command: lyrics"}
{"level":"info","message":"2:function getMinutes() { [native code] } - 1:4:2022 | Info: [Slash Command]: [POST-FAILED] Guild 564512217953730580, Command: move"}
{"level":"info","message":"2:function getMinutes() { [native code] } - 1:4:2022 | Info: [Slash Command]: [POST-FAILED] Guild 564512217953730580, Command: nowplaying"}
{"level":"info","message":"2:function getMinutes() { [native code] } - 1:4:2022 | Info: [Slash Command]: [POST-FAILED] Guild 564512217953730580, Command: pause"}
{"level":"info","message":"2:function getMinutes() { [native code] } - 1:4:2022 | Info: [Slash Command]: [POST-FAILED] Guild 564512217953730580, Command: play"}
{"level":"info","message":"2:function getMinutes() { [native code] } - 1:4:2022 | Info: [Slash Command]: [POST-FAILED] Guild 564512217953730580, Command: queue"}
{"level":"info","message":"2:function getMinutes() { [native code] } - 1:4:2022 | Info: [Slash Command]: [POST-FAILED] Guild 564512217953730580, Command: remove"}
{"level":"info","message":"2:function getMinutes() { [native code] } - 1:4:2022 | Info: [Slash Command]: [POST-FAILED] Guild 564512217953730580, Command: resume"}
{"level":"info","message":"2:function getMinutes() { [native code] } - 1:4:2022 | Info: [Slash Command]: [POST-FAILED] Guild 564512217953730580, Command: search"}
{"level":"info","message":"2:function getMinutes() { [native code] } - 1:4:2022 | Info: [Slash Command]: [POST-FAILED] Guild 564512217953730580, Command: shuffle"}
{"level":"info","message":"2:function getMinutes() { [native code] } - 1:4:2022 | Info: [Slash Command]: [POST-FAILED] Guild 564512217953730580, Command: skip"}
{"level":"info","message":"2:function getMinutes() { [native code] } - 1:4:2022 | Info: [Slash Command]: [POST-FAILED] Guild 564512217953730580, Command: skipto"}
{"level":"info","message":"2:function getMinutes() { [native code] } - 1:4:2022 | Info: [Slash Command]: [POST-FAILED] Guild 564512217953730580, Command: stats"}
{"level":"info","message":"2:function getMinutes() { [native code] } - 1:4:2022 | Info: [Slash Command]: [POST-FAILED] Guild 564512217953730580, Command: volume"}
{"level":"info","message":"2:function getMinutes() { [native code] } - 1:4:2022 | Info: [Slash Command]: [POST-FAILED] Guild 564512217953730580, Command: youtube"}
{"level":"info","message":"22:function getMinutes() { [native code] } - 30:3:2022 | Info: Web Server has been started"}
{"level":"info","message":"22:function getMinutes() { [native code] } - 30:3:2022 | Info: Command Loaded: bassboost"}
{"level":"info","message":"22:function getMinutes() { [native code] } - 30:3:2022 | Info: Command Loaded: bump"}
{"level":"info","message":"22:function getMinutes() { [native code] } - 30:3:2022 | Info: Command Loaded: clear"}
{"level":"info","message":"22:function getMinutes() { [native code] } - 30:3:2022 | Info: Command Loaded: config"}
{"level":"info","message":"22:function getMinutes() { [native code] } - 30:3:2022 | Info: Command Loaded: disconnect"}
{"level":"info","message":"22:function getMinutes() { [native code] } - 30:3:2022 | Info: Command Loaded: grab"}
{"level":"info","message":"22:function getMinutes() { [native code] } - 30:3:2022 | Info: Command Loaded: help"}
{"level":"info","message":"22:function getMinutes() { [native code] } - 30:3:2022 | Info: Command Loaded: invite"}
{"level":"info","message":"22:function getMinutes() { [native code] } - 30:3:2022 | Info: Command Loaded: loop"}
{"level":"info","message":"22:function getMinutes() { [native code] } - 30:3:2022 | Info: Command Loaded: loopqueue"}
{"level":"info","message":"22:function getMinutes() { [native code] } - 30:3:2022 | Info: Command Loaded: lyrics"}
{"level":"info","message":"22:function getMinutes() { [native code] } - 30:3:2022 | Info: Command Loaded: move"}
{"level":"info","message":"22:function getMinutes() { [native code] } - 30:3:2022 | Info: Command Loaded: nowplaying"}
{"level":"info","message":"22:function getMinutes() { [native code] } - 30:3:2022 | Info: Command Loaded: pause"}
{"level":"info","message":"22:function getMinutes() { [native code] } - 30:3:2022 | Info: Command Loaded: play"}
{"level":"info","message":"22:function getMinutes() { [native code] } - 30:3:2022 | Info: Command Loaded: queue"}
{"level":"info","message":"22:function getMinutes() { [native code] } - 30:3:2022 | Info: Command Loaded: remove"}
{"level":"info","message":"22:function getMinutes() { [native code] } - 30:3:2022 | Info: Command Loaded: resume"}
{"level":"info","message":"22:function getMinutes() { [native code] } - 30:3:2022 | Info: Command Loaded: search"}
{"level":"info","message":"22:function getMinutes() { [native code] } - 30:3:2022 | Info: Command Loaded: seek"}
{"level":"info","message":"22:function getMinutes() { [native code] } - 30:3:2022 | Info: Command Loaded: shuffle"}
{"level":"info","message":"22:function getMinutes() { [native code] } - 30:3:2022 | Info: Command Loaded: skip"}
{"level":"info","message":"22:function getMinutes() { [native code] } - 30:3:2022 | Info: Command Loaded: skipto"}
{"level":"info","message":"22:function getMinutes() { [native code] } - 30:3:2022 | Info: Command Loaded: stats"}
{"level":"info","message":"22:function getMinutes() { [native code] } - 30:3:2022 | Info: Command Loaded: volume"}
{"level":"info","message":"22:function getMinutes() { [native code] } - 30:3:2022 | Info: Command Loaded: youtube"}
{"level":"info","message":"22:function getMinutes() { [native code] } - 30:3:2022 | Info: Event Loaded: guildCreate"}
{"level":"info","message":"22:function getMinutes() { [native code] } - 30:3:2022 | Info: Event Loaded: message"}
{"level":"info","message":"22:function getMinutes() { [native code] } - 30:3:2022 | Info: Event Loaded: raw"}
{"level":"info","message":"22:function getMinutes() { [native code] } - 30:3:2022 | Info: Event Loaded: ready"}
{"level":"info","message":"22:function getMinutes() { [native code] } - 30:3:2022 | Info: Event Loaded: voiceStateUpdate"}
{"level":"info","message":"22:function getMinutes() { [native code] } - 30:3:2022 | Info: Successfully Logged in as Shirimbabot#3462"}
{"level":"info","message":"22:function getMinutes() { [native code] } - 30:3:2022 | Info: Registering slash commands for 564512217953730580"}
{"level":"info","message":"22:function getMinutes() { [native code] } - 30:3:2022 | Info: [Slash Command]: [POST] Guild 564512217953730580, Command: bassboost"}
{"level":"info","message":"22:function getMinutes() { [native code] } - 30:3:2022 | Info: [Slash Command]: [POST] Guild 564512217953730580, Command: bump"}
{"level":"info","message":"22:function getMinutes() { [native code] } - 30:3:2022 | Info: [Slash Command]: [POST] Guild 564512217953730580, Command: clear"}
{"level":"info","message":"22:function getMinutes() { [native code] } - 30:3:2022 | Info: [Slash Command]: [POST] Guild 564512217953730580, Command: config"}
{"level":"info","message":"22:function getMinutes() { [native code] } - 30:3:2022 | Info: [Slash Command]: [POST] Guild 564512217953730580, Command: disconnect"}
{"level":"info","message":"22:function getMinutes() { [native code] } - 30:3:2022 | Info: [Slash Command]: [POST] Guild 564512217953730580, Command: grab"}
{"level":"info","message":"22:function getMinutes() { [native code] } - 30:3:2022 | Info: [Slash Command]: [POST] Guild 564512217953730580, Command: help"}
{"level":"info","message":"22:function getMinutes() { [native code] } - 30:3:2022 | Info: [Slash Command]: [POST] Guild 564512217953730580, Command: invite"}
{"level":"info","message":"22:function getMinutes() { [native code] } - 30:3:2022 | Info: [Slash Command]: [POST] Guild 564512217953730580, Command: loop"}
{"level":"info","message":"22:function getMinutes() { [native code] } - 30:3:2022 | Info: [Slash Command]: [POST] Guild 564512217953730580, Command: loopqueue"}
{"level":"info","message":"22:function getMinutes() { [native code] } - 30:3:2022 | Info: [Slash Command]: [POST] Guild 564512217953730580, Command: lyrics"}
{"level":"info","message":"22:function getMinutes() { [native code] } - 30:3:2022 | Info: [Slash Command]: [POST] Guild 564512217953730580, Command: move"}
{"level":"info","message":"22:function getMinutes() { [native code] } - 30:3:2022 | Info: [Slash Command]: [POST] Guild 564512217953730580, Command: nowplaying"}
{"level":"info","message":"22:function getMinutes() { [native code] } - 30:3:2022 | Info: [Slash Command]: [POST] Guild 564512217953730580, Command: pause"}
{"level":"info","message":"22:function getMinutes() { [native code] } - 30:3:2022 | Info: [Slash Command]: [POST] Guild 564512217953730580, Command: play"}
{"level":"info","message":"22:function getMinutes() { [native code] } - 30:3:2022 | Info: [Slash Command]: [POST] Guild 564512217953730580, Command: queue"}
{"level":"info","message":"22:function getMinutes() { [native code] } - 30:3:2022 | Info: [Slash Command]: [POST] Guild 564512217953730580, Command: remove"}
{"level":"info","message":"22:function getMinutes() { [native code] } - 30:3:2022 | Info: [Slash Command]: [POST] Guild 564512217953730580, Command: resume"}
{"level":"info","message":"22:function getMinutes() { [native code] } - 30:3:2022 | Info: [Slash Command]: [POST] Guild 564512217953730580, Command: search"}
{"level":"info","message":"22:function getMinutes() { [native code] } - 30:3:2022 | Info: [Slash Command]: [POST] Guild 564512217953730580, Command: shuffle"}
{"level":"info","message":"22:function getMinutes() { [native code] } - 30:3:2022 | Info: [Slash Command]: [POST] Guild 564512217953730580, Command: skip"}
{"level":"info","message":"22:function getMinutes() { [native code] } - 30:3:2022 | Info: [Slash Command]: [POST] Guild 564512217953730580, Command: skipto"}
{"level":"info","message":"22:function getMinutes() { [native code] } - 30:3:2022 | Info: [Slash Command]: [POST] Guild 564512217953730580, Command: stats"}
{"level":"info","message":"22:function getMinutes() { [native code] } - 30:3:2022 | Info: [Slash Command]: [POST] Guild 564512217953730580, Command: volume"}
{"level":"info","message":"22:function getMinutes() { [native code] } - 30:3:2022 | Info: [Slash Command]: [POST] Guild 564512217953730580, Command: youtube"}
{"level":"info","message":"22:function getMinutes() { [native code] } - 30:3:2022 | Info: [Slash Command]: [POST-FAILED] Guild 564512217953730580, Command: bassboost"}
{"level":"info","message":"22:function getMinutes() { [native code] } - 30:3:2022 | Info: [Slash Command]: [POST-FAILED] Guild 564512217953730580, Command: bump"}
{"level":"info","message":"22:function getMinutes() { [native code] } - 30:3:2022 | Info: [Slash Command]: [POST-FAILED] Guild 564512217953730580, Command: clear"}
{"level":"info","message":"22:function getMinutes() { [native code] } - 30:3:2022 | Info: [Slash Command]: [POST-FAILED] Guild 564512217953730580, Command: config"}
{"level":"info","message":"22:function getMinutes() { [native code] } - 30:3:2022 | Info: [Slash Command]: [POST-FAILED] Guild 564512217953730580, Command: disconnect"}
{"level":"info","message":"22:function getMinutes() { [native code] } - 30:3:2022 | Info: Lavalink: Node Main connected"}
{"level":"info","message":"22:function getMinutes() { [native code] } - 30:3:2022 | Info: [Slash Command]: [POST-FAILED] Guild 564512217953730580, Command: grab"}
{"level":"info","message":"22:function getMinutes() { [native code] } - 30:3:2022 | Info: [Slash Command]: [POST-FAILED] Guild 564512217953730580, Command: help"}
{"level":"info","message":"22:function getMinutes() { [native code] } - 30:3:2022 | Info: [Slash Command]: [POST-FAILED] Guild 564512217953730580, Command: invite"}
{"level":"info","message":"22:function getMinutes() { [native code] } - 30:3:2022 | Info: [Slash Command]: [POST-FAILED] Guild 564512217953730580, Command: loop"}
{"level":"info","message":"22:function getMinutes() { [native code] } - 30:3:2022 | Info: [Slash Command]: [POST-FAILED] Guild 564512217953730580, Command: loopqueue"}
{"level":"info","message":"22:function getMinutes() { [native code] } - 30:3:2022 | Info: [Slash Command]: [POST-FAILED] Guild 564512217953730580, Command: lyrics"}
{"level":"info","message":"22:function getMinutes() { [native code] } - 30:3:2022 | Info: [Slash Command]: [POST-FAILED] Guild 564512217953730580, Command: move"}
{"level":"info","message":"22:function getMinutes() { [native code] } - 30:3:2022 | Info: [Slash Command]: [POST-FAILED] Guild 564512217953730580, Command: nowplaying"}
{"level":"info","message":"22:function getMinutes() { [native code] } - 30:3:2022 | Info: [Slash Command]: [POST-FAILED] Guild 564512217953730580, Command: pause"}
{"level":"info","message":"22:function getMinutes() { [native code] } - 30:3:2022 | Info: [Slash Command]: [POST-FAILED] Guild 564512217953730580, Command: play"}
{"level":"info","message":"22:function getMinutes() { [native code] } - 30:3:2022 | Info: [Slash Command]: [POST-FAILED] Guild 564512217953730580, Command: queue"}
{"level":"info","message":"22:function getMinutes() { [native code] } - 30:3:2022 | Info: [Slash Command]: [POST-FAILED] Guild 564512217953730580, Command: remove"}
{"level":"info","message":"22:function getMinutes() { [native code] } - 30:3:2022 | Info: [Slash Command]: [POST-FAILED] Guild 564512217953730580, Command: resume"}
{"level":"info","message":"22:function getMinutes() { [native code] } - 30:3:2022 | Info: [Slash Command]: [POST-FAILED] Guild 564512217953730580, Command: search"}
{"level":"info","message":"22:function getMinutes() { [native code] } - 30:3:2022 | Info: [Slash Command]: [POST-FAILED] Guild 564512217953730580, Command: shuffle"}
{"level":"info","message":"22:function getMinutes() { [native code] } - 30:3:2022 | Info: [Slash Command]: [POST-FAILED] Guild 564512217953730580, Command: skip"}
{"level":"info","message":"22:function getMinutes() { [native code] } - 30:3:2022 | Info: [Slash Command]: [POST-FAILED] Guild 564512217953730580, Command: skipto"}
{"level":"info","message":"22:function getMinutes() { [native code] } - 30:3:2022 | Info: [Slash Command]: [POST-FAILED] Guild 564512217953730580, Command: stats"}
{"level":"info","message":"22:function getMinutes() { [native code] } - 30:3:2022 | Info: [Slash Command]: [POST-FAILED] Guild 564512217953730580, Command: volume"}
{"level":"info","message":"22:function getMinutes() { [native code] } - 30:3:2022 | Info: [Slash Command]: [POST-FAILED] Guild 564512217953730580, Command: youtube"}
{"level":"info","message":"22:function getMinutes() { [native code] } - 30:3:2022 | Info: Web Server has been started"}
{"level":"info","message":"22:function getMinutes() { [native code] } - 30:3:2022 | Info: Command Loaded: bassboost"}
{"level":"info","message":"22:function getMinutes() { [native code] } - 30:3:2022 | Info: Command Loaded: bump"}
{"level":"info","message":"22:function getMinutes() { [native code] } - 30:3:2022 | Info: Command Loaded: clear"}
{"level":"info","message":"22:function getMinutes() { [native code] } - 30:3:2022 | Info: Command Loaded: config"}
{"level":"info","message":"22:function getMinutes() { [native code] } - 30:3:2022 | Info: Command Loaded: disconnect"}
{"level":"info","message":"22:function getMinutes() { [native code] } - 30:3:2022 | Info: Command Loaded: grab"}
{"level":"info","message":"22:function getMinutes() { [native code] } - 30:3:2022 | Info: Command Loaded: help"}
{"level":"info","message":"22:function getMinutes() { [native code] } - 30:3:2022 | Info: Command Loaded: invite"}
{"level":"info","message":"22:function getMinutes() { [native code] } - 30:3:2022 | Info: Command Loaded: loop"}
{"level":"info","message":"22:function getMinutes() { [native code] } - 30:3:2022 | Info: Command Loaded: loopqueue"}
{"level":"info","message":"22:function getMinutes() { [native code] } - 30:3:2022 | Info: Command Loaded: lyrics"}
{"level":"info","message":"22:function getMinutes() { [native code] } - 30:3:2022 | Info: Command Loaded: move"}
{"level":"info","message":"22:function getMinutes() { [native code] } - 30:3:2022 | Info: Command Loaded: nowplaying"}
{"level":"info","message":"22:function getMinutes() { [native code] } - 30:3:2022 | Info: Command Loaded: pause"}
{"level":"info","message":"22:function getMinutes() { [native code] } - 30:3:2022 | Info: Command Loaded: play"}
{"level":"info","message":"22:function getMinutes() { [native code] } - 30:3:2022 | Info: Command Loaded: queue"}
{"level":"info","message":"22:function getMinutes() { [native code] } - 30:3:2022 | Info: Command Loaded: remove"}
{"level":"info","message":"22:function getMinutes() { [native code] } - 30:3:2022 | Info: Command Loaded: resume"}
{"level":"info","message":"22:function getMinutes() { [native code] } - 30:3:2022 | Info: Command Loaded: search"}
{"level":"info","message":"22:function getMinutes() { [native code] } - 30:3:2022 | Info: Command Loaded: seek"}
{"level":"info","message":"22:function getMinutes() { [native code] } - 30:3:2022 | Info: Command Loaded: shuffle"}
{"level":"info","message":"22:function getMinutes() { [native code] } - 30:3:2022 | Info: Command Loaded: skip"}
{"level":"info","message":"22:function getMinutes() { [native code] } - 30:3:2022 | Info: Command Loaded: skipto"}
{"level":"info","message":"22:function getMinutes() { [native code] } - 30:3:2022 | Info: Command Loaded: stats"}
{"level":"info","message":"22:function getMinutes() { [native code] } - 30:3:2022 | Info: Command Loaded: volume"}
{"level":"info","message":"22:function getMinutes() { [native code] } - 30:3:2022 | Info: Command Loaded: youtube"}
{"level":"info","message":"22:function getMinutes() { [native code] } - 30:3:2022 | Info: Event Loaded: guildCreate"}
{"level":"info","message":"22:function getMinutes() { [native code] } - 30:3:2022 | Info: Event Loaded: message"}
{"level":"info","message":"22:function getMinutes() { [native code] } - 30:3:2022 | Info: Event Loaded: raw"}
{"level":"info","message":"22:function getMinutes() { [native code] } - 30:3:2022 | Info: Event Loaded: ready"}
{"level":"info","message":"22:function getMinutes() { [native code] } - 30:3:2022 | Info: Event Loaded: voiceStateUpdate"}
{"level":"info","message":"22:function getMinutes() { [native code] } - 30:3:2022 | Info: Successfully Logged in as Shirimbabot#3462"}
{"level":"info","message":"22:function getMinutes() { [native code] } - 30:3:2022 | Info: Registering slash commands for 564512217953730580"}
{"level":"info","message":"22:function getMinutes() { [native code] } - 30:3:2022 | Info: [Slash Command]: [POST] Guild 564512217953730580, Command: bassboost"}
{"level":"info","message":"22:function getMinutes() { [native code] } - 30:3:2022 | Info: [Slash Command]: [POST] Guild 564512217953730580, Command: bump"}
{"level":"info","message":"22:function getMinutes() { [native code] } - 30:3:2022 | Info: [Slash Command]: [POST] Guild 564512217953730580, Command: clear"}
{"level":"info","message":"22:function getMinutes() { [native code] } - 30:3:2022 | Info: [Slash Command]: [POST] Guild 564512217953730580, Command: config"}
{"level":"info","message":"22:function getMinutes() { [native code] } - 30:3:2022 | Info: [Slash Command]: [POST] Guild 564512217953730580, Command: disconnect"}
{"level":"info","message":"22:function getMinutes() { [native code] } - 30:3:2022 | Info: [Slash Command]: [POST] Guild 564512217953730580, Command: grab"}
{"level":"info","message":"22:function getMinutes() { [native code] } - 30:3:2022 | Info: [Slash Command]: [POST] Guild 564512217953730580, Command: help"}
{"level":"info","message":"22:function getMinutes() { [native code] } - 30:3:2022 | Info: [Slash Command]: [POST] Guild 564512217953730580, Command: invite"}
{"level":"info","message":"22:function getMinutes() { [native code] } - 30:3:2022 | Info: [Slash Command]: [POST] Guild 564512217953730580, Command: loop"}
{"level":"info","message":"22:function getMinutes() { [native code] } - 30:3:2022 | Info: [Slash Command]: [POST] Guild 564512217953730580, Command: loopqueue"}
{"level":"info","message":"22:function getMinutes() { [native code] } - 30:3:2022 | Info: [Slash Command]: [POST] Guild 564512217953730580, Command: lyrics"}
{"level":"info","message":"22:function getMinutes() { [native code] } - 30:3:2022 | Info: [Slash Command]: [POST] Guild 564512217953730580, Command: move"}
{"level":"info","message":"22:function getMinutes() { [native code] } - 30:3:2022 | Info: [Slash Command]: [POST] Guild 564512217953730580, Command: nowplaying"}
{"level":"info","message":"22:function getMinutes() { [native code] } - 30:3:2022 | Info: [Slash Command]: [POST] Guild 564512217953730580, Command: pause"}
{"level":"info","message":"22:function getMinutes() { [native code] } - 30:3:2022 | Info: [Slash Command]: [POST] Guild 564512217953730580, Command: play"}
{"level":"info","message":"22:function getMinutes() { [native code] } - 30:3:2022 | Info: [Slash Command]: [POST] Guild 564512217953730580, Command: queue"}
{"level":"info","message":"22:function getMinutes() { [native code] } - 30:3:2022 | Info: [Slash Command]: [POST] Guild 564512217953730580, Command: remove"}
{"level":"info","message":"22:function getMinutes() { [native code] } - 30:3:2022 | Info: [Slash Command]: [POST] Guild 564512217953730580, Command: resume"}
{"level":"info","message":"22:function getMinutes() { [native code] } - 30:3:2022 | Info: [Slash Command]: [POST] Guild 564512217953730580, Command: search"}
{"level":"info","message":"22:function getMinutes() { [native code] } - 30:3:2022 | Info: [Slash Command]: [POST] Guild 564512217953730580, Command: shuffle"}
{"level":"info","message":"22:function getMinutes() { [native code] } - 30:3:2022 | Info: [Slash Command]: [POST] Guild 564512217953730580, Command: skip"}
{"level":"info","message":"22:function getMinutes() { [native code] } - 30:3:2022 | Info: [Slash Command]: [POST] Guild 564512217953730580, Command: skipto"}
{"level":"info","message":"22:function getMinutes() { [native code] } - 30:3:2022 | Info: [Slash Command]: [POST] Guild 564512217953730580, Command: stats"}
{"level":"info","message":"22:function getMinutes() { [native code] } - 30:3:2022 | Info: [Slash Command]: [POST] Guild 564512217953730580, Command: volume"}
{"level":"info","message":"22:function getMinutes() { [native code] } - 30:3:2022 | Info: [Slash Command]: [POST] Guild 564512217953730580, Command: youtube"}
{"level":"info","message":"22:function getMinutes() { [native code] } - 30:3:2022 | Info: [Slash Command]: [POST-FAILED] Guild 564512217953730580, Command: bassboost"}
{"level":"info","message":"22:function getMinutes() { [native code] } - 30:3:2022 | Info: [Slash Command]: [POST-FAILED] Guild 564512217953730580, Command: bump"}
{"level":"info","message":"22:function getMinutes() { [native code] } - 30:3:2022 | Info: [Slash Command]: [POST-FAILED] Guild 564512217953730580, Command: clear"}
{"level":"info","message":"22:function getMinutes() { [native code] } - 30:3:2022 | Info: [Slash Command]: [POST-FAILED] Guild 564512217953730580, Command: config"}
{"level":"info","message":"22:function getMinutes() { [native code] } - 30:3:2022 | Info: [Slash Command]: [POST-FAILED] Guild 564512217953730580, Command: disconnect"}
{"level":"info","message":"22:function getMinutes() { [native code] } - 30:3:2022 | Info: Lavalink: Node Main connected"}
{"level":"info","message":"22:function getMinutes() { [native code] } - 30:3:2022 | Info: [Slash Command]: [POST-FAILED] Guild 564512217953730580, Command: grab"}
{"level":"info","message":"22:function getMinutes() { [native code] } - 30:3:2022 | Info: [Slash Command]: [POST-FAILED] Guild 564512217953730580, Command: help"}
{"level":"info","message":"22:function getMinutes() { [native code] } - 30:3:2022 | Info: [Slash Command]: [POST-FAILED] Guild 564512217953730580, Command: invite"}
{"level":"info","message":"22:function getMinutes() { [native code] } - 30:3:2022 | Info: [Slash Command]: [POST-FAILED] Guild 564512217953730580, Command: loop"}
{"level":"info","message":"22:function getMinutes() { [native code] } - 30:3:2022 | Info: [Slash Command]: [POST-FAILED] Guild 564512217953730580, Command: loopqueue"}
{"level":"info","message":"23:function getMinutes() { [native code] } - 30:3:2022 | Info: [Slash Command]: [POST-FAILED] Guild 564512217953730580, Command: lyrics"}
{"level":"info","message":"23:function getMinutes() { [native code] } - 30:3:2022 | Info: [Slash Command]: [POST-FAILED] Guild 564512217953730580, Command: move"}
{"level":"info","message":"23:function getMinutes() { [native code] } - 30:3:2022 | Info: [Slash Command]: [POST-FAILED] Guild 564512217953730580, Command: nowplaying"}
{"level":"info","message":"23:function getMinutes() { [native code] } - 30:3:2022 | Info: [Slash Command]: [POST-FAILED] Guild 564512217953730580, Command: pause"}
{"level":"info","message":"23:function getMinutes() { [native code] } - 30:3:2022 | Info: [Slash Command]: [POST-FAILED] Guild 564512217953730580, Command: play"}
{"level":"info","message":"23:function getMinutes() { [native code] } - 30:3:2022 | Info: Web Server has been started"}
{"level":"info","message":"23:function getMinutes() { [native code] } - 30:3:2022 | Info: Command Loaded: bassboost"}
{"level":"info","message":"23:function getMinutes() { [native code] } - 30:3:2022 | Info: Command Loaded: bump"}
{"level":"info","message":"23:function getMinutes() { [native code] } - 30:3:2022 | Info: Command Loaded: clear"}
{"level":"info","message":"23:function getMinutes() { [native code] } - 30:3:2022 | Info: Command Loaded: config"}
{"level":"info","message":"23:function getMinutes() { [native code] } - 30:3:2022 | Info: Command Loaded: disconnect"}
{"level":"info","message":"23:function getMinutes() { [native code] } - 30:3:2022 | Info: Command Loaded: grab"}
{"level":"info","message":"23:function getMinutes() { [native code] } - 30:3:2022 | Info: Command Loaded: help"}
{"level":"info","message":"23:function getMinutes() { [native code] } - 30:3:2022 | Info: Command Loaded: invite"}
{"level":"info","message":"23:function getMinutes() { [native code] } - 30:3:2022 | Info: Command Loaded: loop"}
{"level":"info","message":"23:function getMinutes() { [native code] } - 30:3:2022 | Info: Command Loaded: loopqueue"}
{"level":"info","message":"23:function getMinutes() { [native code] } - 30:3:2022 | Info: Command Loaded: lyrics"}
{"level":"info","message":"23:function getMinutes() { [native code] } - 30:3:2022 | Info: Command Loaded: move"}
{"level":"info","message":"23:function getMinutes() { [native code] } - 30:3:2022 | Info: Command Loaded: nowplaying"}
{"level":"info","message":"23:function getMinutes() { [native code] } - 30:3:2022 | Info: Command Loaded: pause"}
{"level":"info","message":"23:function getMinutes() { [native code] } - 30:3:2022 | Info: Command Loaded: play"}
{"level":"info","message":"23:function getMinutes() { [native code] } - 30:3:2022 | Info: Command Loaded: queue"}
{"level":"info","message":"23:function getMinutes() { [native code] } - 30:3:2022 | Info: Command Loaded: remove"}
{"level":"info","message":"23:function getMinutes() { [native code] } - 30:3:2022 | Info: Command Loaded: resume"}
{"level":"info","message":"23:function getMinutes() { [native code] } - 30:3:2022 | Info: Command Loaded: search"}
{"level":"info","message":"23:function getMinutes() { [native code] } - 30:3:2022 | Info: Command Loaded: seek"}
{"level":"info","message":"23:function getMinutes() { [native code] } - 30:3:2022 | Info: Command Loaded: shuffle"}
{"level":"info","message":"23:function getMinutes() { [native code] } - 30:3:2022 | Info: Command Loaded: skip"}
{"level":"info","message":"23:function getMinutes() { [native code] } - 30:3:2022 | Info: Command Loaded: skipto"}
{"level":"info","message":"23:function getMinutes() { [native code] } - 30:3:2022 | Info: Command Loaded: stats"}
{"level":"info","message":"23:function getMinutes() { [native code] } - 30:3:2022 | Info: Command Loaded: volume"}
{"level":"info","message":"23:function getMinutes() { [native code] } - 30:3:2022 | Info: Command Loaded: youtube"}
{"level":"info","message":"23:function getMinutes() { [native code] } - 30:3:2022 | Info: Event Loaded: guildCreate"}
{"level":"info","message":"23:function getMinutes() { [native code] } - 30:3:2022 | Info: Event Loaded: message"}
{"level":"info","message":"23:function getMinutes() { [native code] } - 30:3:2022 | Info: Event Loaded: raw"}
{"level":"info","message":"23:function getMinutes() { [native code] } - 30:3:2022 | Info: Event Loaded: ready"}
{"level":"info","message":"23:function getMinutes() { [native code] } - 30:3:2022 | Info: Event Loaded: voiceStateUpdate"}
{"level":"info","message":"23:function getMinutes() { [native code] } - 30:3:2022 | Info: Successfully Logged in as Shirimbabot#3462"}
{"level":"info","message":"23:function getMinutes() { [native code] } - 30:3:2022 | Info: Registering slash commands for 564512217953730580"}
{"level":"info","message":"23:function getMinutes() { [native code] } - 30:3:2022 | Info: [Slash Command]: [POST] Guild 564512217953730580, Command: bassboost"}
{"level":"info","message":"23:function getMinutes() { [native code] } - 30:3:2022 | Info: [Slash Command]: [POST] Guild 564512217953730580, Command: bump"}
{"level":"info","message":"23:function getMinutes() { [native code] } - 30:3:2022 | Info: [Slash Command]: [POST] Guild 564512217953730580, Command: clear"}
{"level":"info","message":"23:function getMinutes() { [native code] } - 30:3:2022 | Info: [Slash Command]: [POST] Guild 564512217953730580, Command: config"}
{"level":"info","message":"23:function getMinutes() { [native code] } - 30:3:2022 | Info: [Slash Command]: [POST] Guild 564512217953730580, Command: disconnect"}
{"level":"info","message":"23:function getMinutes() { [native code] } - 30:3:2022 | Info: [Slash Command]: [POST] Guild 564512217953730580, Command: grab"}
{"level":"info","message":"23:function getMinutes() { [native code] } - 30:3:2022 | Info: [Slash Command]: [POST] Guild 564512217953730580, Command: help"}
{"level":"info","message":"23:function getMinutes() { [native code] } - 30:3:2022 | Info: [Slash Command]: [POST] Guild 564512217953730580, Command: invite"}
{"level":"info","message":"23:function getMinutes() { [native code] } - 30:3:2022 | Info: [Slash Command]: [POST] Guild 564512217953730580, Command: loop"}
{"level":"info","message":"23:function getMinutes() { [native code] } - 30:3:2022 | Info: [Slash Command]: [POST] Guild 564512217953730580, Command: loopqueue"}
{"level":"info","message":"23:function getMinutes() { [native code] } - 30:3:2022 | Info: [Slash Command]: [POST] Guild 564512217953730580, Command: lyrics"}
{"level":"info","message":"23:function getMinutes() { [native code] } - 30:3:2022 | Info: [Slash Command]: [POST] Guild 564512217953730580, Command: move"}
{"level":"info","message":"23:function getMinutes() { [native code] } - 30:3:2022 | Info: [Slash Command]: [POST] Guild 564512217953730580, Command: nowplaying"}
{"level":"info","message":"23:function getMinutes() { [native code] } - 30:3:2022 | Info: [Slash Command]: [POST] Guild 564512217953730580, Command: pause"}
{"level":"info","message":"23:function getMinutes() { [native code] } - 30:3:2022 | Info: [Slash Command]: [POST] Guild 564512217953730580, Command: play"}
{"level":"info","message":"23:function getMinutes() { [native code] } - 30:3:2022 | Info: [Slash Command]: [POST] Guild 564512217953730580, Command: queue"}
{"level":"info","message":"23:function getMinutes() { [native code] } - 30:3:2022 | Info: [Slash Command]: [POST] Guild 564512217953730580, Command: remove"}
{"level":"info","message":"23:function getMinutes() { [native code] } - 30:3:2022 | Info: [Slash Command]: [POST] Guild 564512217953730580, Command: resume"}
{"level":"info","message":"23:function getMinutes() { [native code] } - 30:3:2022 | Info: [Slash Command]: [POST] Guild 564512217953730580, Command: search"}
{"level":"info","message":"23:function getMinutes() { [native code] } - 30:3:2022 | Info: [Slash Command]: [POST] Guild 564512217953730580, Command: shuffle"}
{"level":"info","message":"23:function getMinutes() { [native code] } - 30:3:2022 | Info: [Slash Command]: [POST] Guild 564512217953730580, Command: skip"}
{"level":"info","message":"23:function getMinutes() { [native code] } - 30:3:2022 | Info: [Slash Command]: [POST] Guild 564512217953730580, Command: skipto"}
{"level":"info","message":"23:function getMinutes() { [native code] } - 30:3:2022 | Info: [Slash Command]: [POST] Guild 564512217953730580, Command: stats"}
{"level":"info","message":"23:function getMinutes() { [native code] } - 30:3:2022 | Info: [Slash Command]: [POST] Guild 564512217953730580, Command: volume"}
{"level":"info","message":"23:function getMinutes() { [native code] } - 30:3:2022 | Info: [Slash Command]: [POST] Guild 564512217953730580, Command: youtube"}
{"level":"info","message":"23:function getMinutes() { [native code] } - 30:3:2022 | Info: [Slash Command]: [POST-FAILED] Guild 564512217953730580, Command: bassboost"}
{"level":"info","message":"23:function getMinutes() { [native code] } - 30:3:2022 | Info: [Slash Command]: [POST-FAILED] Guild 564512217953730580, Command: bump"}
{"level":"info","message":"23:function getMinutes() { [native code] } - 30:3:2022 | Info: [Slash Command]: [POST-FAILED] Guild 564512217953730580, Command: clear"}
{"level":"info","message":"23:function getMinutes() { [native code] } - 30:3:2022 | Info: [Slash Command]: [POST-FAILED] Guild 564512217953730580, Command: config"}
{"level":"info","message":"23:function getMinutes() { [native code] } - 30:3:2022 | Info: [Slash Command]: [POST-FAILED] Guild 564512217953730580, Command: disconnect"}
{"level":"info","message":"23:function getMinutes() { [native code] } - 30:3:2022 | Info: Lavalink: Node Main connected"}
{"level":"info","message":"23:function getMinutes() { [native code] } - 30:3:2022 | Info: [Slash Command]: [POST-FAILED] Guild 564512217953730580, Command: grab"}
{"level":"info","message":"23:function getMinutes() { [native code] } - 30:3:2022 | Info: [Slash Command]: [POST-FAILED] Guild 564512217953730580, Command: help"}
{"level":"info","message":"23:function getMinutes() { [native code] } - 30:3:2022 | Info: [Slash Command]: [POST-FAILED] Guild 564512217953730580, Command: invite"}
{"level":"info","message":"23:function getMinutes() { [native code] } - 30:3:2022 | Info: [Slash Command]: [POST-FAILED] Guild 564512217953730580, Command: loop"}
{"level":"info","message":"23:function getMinutes() { [native code] } - 30:3:2022 | Info: [Slash Command]: [POST-FAILED] Guild 564512217953730580, Command: loopqueue"}
{"level":"info","message":"23:function getMinutes() { [native code] } - 30:3:2022 | Info: [Slash Command]: [POST-FAILED] Guild 564512217953730580, Command: lyrics"}
{"level":"info","message":"23:function getMinutes() { [native code] } - 30:3:2022 | Info: [Slash Command]: [POST-FAILED] Guild 564512217953730580, Command: move"}
{"level":"info","message":"23:function getMinutes() { [native code] } - 30:3:2022 | Info: [Slash Command]: [POST-FAILED] Guild 564512217953730580, Command: nowplaying"}
{"level":"info","message":"23:function getMinutes() { [native code] } - 30:3:2022 | Info: [Slash Command]: [POST-FAILED] Guild 564512217953730580, Command: pause"}
{"level":"info","message":"23:function getMinutes() { [native code] } - 30:3:2022 | Info: [Slash Command]: [POST-FAILED] Guild 564512217953730580, Command: play"}
{"level":"info","message":"23:function getMinutes() { [native code] } - 30:3:2022 | Info: [Slash Command]: [POST-FAILED] Guild 564512217953730580, Command: queue"}
{"level":"info","message":"23:function getMinutes() { [native code] } - 30:3:2022 | Info: [Slash Command]: [POST-FAILED] Guild 564512217953730580, Command: remove"}
{"level":"info","message":"23:function getMinutes() { [native code] } - 30:3:2022 | Info: [Slash Command]: [POST-FAILED] Guild 564512217953730580, Command: resume"}
{"level":"info","message":"23:function getMinutes() { [native code] } - 30:3:2022 | Info: [Slash Command]: [POST-FAILED] Guild 564512217953730580, Command: search"}
{"level":"info","message":"23:function getMinutes() { [native code] } - 30:3:2022 | Info: [Slash Command]: [POST-FAILED] Guild 564512217953730580, Command: shuffle"}
{"level":"info","message":"23:function getMinutes() { [native code] } - 30:3:2022 | Info: [Slash Command]: [POST-FAILED] Guild 564512217953730580, Command: skip"}
{"level":"info","message":"23:function getMinutes() { [native code] } - 30:3:2022 | Info: [Slash Command]: [POST-FAILED] Guild 564512217953730580, Command: skipto"}
{"level":"info","message":"23:function getMinutes() { [native code] } - 30:3:2022 | Info: [Slash Command]: [POST-FAILED] Guild 564512217953730580, Command: stats"}
{"level":"info","message":"23:function getMinutes() { [native code] } - 30:3:2022 | Info: [Slash Command]: [POST-FAILED] Guild 564512217953730580, Command: volume"}
{"level":"info","message":"23:function getMinutes() { [native code] } - 30:3:2022 | Info: [Slash Command]: [POST-FAILED] Guild 564512217953730580, Command: youtube"}
